
ROM used:   103/8192 (1%)
            103/8192 (1%) including unused fragments

            0.1 Average locations per line
            4.0 Average locations per statement

RAM used:   7/368 (2%) at main() level
            7/368 (2%) worst case

Stack used: 0 worst case (0 in main + 0 for interrupts)
Stack size: 8

Lines Stmts  %   Files
----- ----- ---  -----
   32    26 100  main.c
   12     0   0  main.h
  661     0   0  ..\..\..\..\..\Program Files (x86)\PICC\Devices\16F877A.h
----- -----
  705    26 Total

Page ROM  %  RAM   Vol Diff  Functions:
---- --- --- ---   --- ----  ----------
0     21  20    1             @delay_ms1
0     78  76    1   573  4.8  main
 Inline         0             @cinit1

Program metrics:
    Functions               1
    Statements              26
    Comments                117
    Volume (V)              578
    Difficulty (D)          4.6
    Effort to implement (E) 2634
    Time to implement (T)   2 minutes
    Est Delivered Bugs (B)  0
    Cyclomatic Complexity   1
    Maintainability (MI)    42

 Segment     Used  Free
-----------  ----  ----
00000-00003     4  0  
00004-007FF    99  1945  
00800-00FFF     0  2048  
01000-017FF     0  2048  
01800-01FFF     0  2048  



